[Status]: Memory manager initialised: log/char-server.leaks

                                                                      
                   rAthena Development Team presents                  
                      ___   __  __                                    
                _____/   | / /_/ /_  ___  ____  ____ _                
               / ___/ /| |/ __/ __ \/ _ \/ __ \/ __ `/                
              / /  / ___ / /_/ / / /  __/ / / / /_/ /                 
             /_/  /_/  |_\__/_/ /_/\___/_/ /_/\__,_/                  
                                                                      
                     http://rathena.org/board/                        
                                                                      
[Info]: Server uses 'select' as event dispatcher
[Info]: Server supports up to '4096' concurrent connections.
[Status]: Login server IP address : 43.229.151.208 -> 43.229.151.208
[Status]: Character server IP address : 43.229.151.208 -> 43.229.151.208
[Info]: Done reading conf/import/char_conf.txt.
[Info]: Done reading conf/char_athena.conf.
[Info]: Done reading conf/import/inter_conf.txt.
[Info]: Done reading conf/inter_athena.conf.
[Info]: Done reading '169' messages in 'conf/msg_conf/char_msg.conf'.
[Info]: Done reading conf/import/inter_conf.txt.
[Info]: Done reading conf/inter_athena.conf.
[Info]: Connect Character DB server.... (Character Server)
[Status]: Loading 'conf/inter_server.yml'...[Status]: Done reading '2' entries in 'conf/inter_server.yml'
[Status]: Loading 'conf/import/inter_server.yml'...[Status]: Loading 'db/exp_guild.yml'...[Status]: Loading 'db/re/exp_guild.yml'...[Status]: Done reading '49' entries in 'db/re/exp_guild.yml'
[Status]: Loading 'db/import/exp_guild.yml'...[Status]: Finished Reading GeoIP Database.
[Status]: Characters per Account: '0'.
[Info]: Start checking DB integrity
[Info]: DB integrity check finished with success
[Status]: The char-server is ready (Server is listening on the port 22622).

[Info]: Attempt to connect to login-server...
[Status]: Connecting to 43.229.151.208:22621
[Status]: Connected to login-server (connection #5).
[Status]: Awaiting maps from map-server.
[Status]: Map-Server 0 connected: 1210 maps, from IP 43.229.151.208 port 22623.
[Status]: Map-server 0 loading complete.
[Info]: Loaded guild castle (46 - guild 0)
[Info]: Loaded guild castle (45 - guild 0)
[Info]: Loaded guild castle (44 - guild 0)
[Info]: Loaded guild castle (43 - guild 0)
[Info]: Loaded guild castle (42 - guild 0)
[Info]: Loaded guild castle (41 - guild 0)
[Info]: Loaded guild castle (40 - guild 0)
[Info]: Loaded guild castle (39 - guild 0)
[Info]: Loaded guild castle (38 - guild 0)
[Info]: Loaded guild castle (37 - guild 0)
[Info]: Loaded guild castle (36 - guild 0)
[Info]: Loaded guild castle (35 - guild 0)
[Info]: Loaded guild castle (34 - guild 0)
[Info]: Loaded guild castle (33 - guild 0)
[Info]: Loaded guild castle (32 - guild 0)
[Info]: Loaded guild castle (31 - guild 0)
[Info]: Loaded guild castle (30 - guild 0)
[Info]: Loaded guild castle (29 - guild 0)
[Info]: Loaded guild castle (12 - guild 0)
[Info]: Loaded guild castle (11 - guild 20)
[Info]: Loaded guild castle (10 - guild 4)
[Info]: Loaded guild castle (9 - guild 0)
[Info]: Loaded guild castle (8 - guild 0)
[Info]: Loaded guild castle (7 - guild 0)
[Info]: Loaded guild castle (6 - guild 0)
[Info]: Loaded guild castle (5 - guild 0)
[Info]: Loaded guild castle (4 - guild 0)
[Info]: Loaded guild castle (3 - guild 20)
[Info]: Loaded guild castle (2 - guild 0)
[Info]: Loaded guild castle (1 - guild 0)
[Info]: Loaded guild castle (0 - guild 0)
[Info]: Loaded guild castle (13 - guild 4)
[Info]: Loaded guild castle (14 - guild 1)
[Info]: Loaded guild castle (15 - guild 17)
[Info]: Loaded guild castle (16 - guild 0)
[Info]: Loaded guild castle (17 - guild 20)
[Info]: Loaded guild castle (18 - guild 0)
[Info]: Loaded guild castle (19 - guild 0)
[Info]: Loaded guild castle (20 - guild 0)
[Info]: Loaded guild castle (21 - guild 0)
[Info]: Loaded guild castle (22 - guild 0)
[Info]: Loaded guild castle (23 - guild 0)
[Info]: Loaded guild castle (24 - guild 0)
[Info]: Loaded guild castle (25 - guild 0)
[Info]: Loaded guild castle (26 - guild 0)
[Info]: Loaded guild castle (27 - guild 0)
[Info]: Loaded guild castle (28 - guild 0)
[Info]: Guild loaded (20 - -‘•’-COLOZONE-‘•’-)
[Info]: Guild loaded (4 - —Restart•`—)
[Info]: Guild loaded (1 - ÍŃČÇÔą´Ó`)
[Info]: Guild loaded (17 - Onepiece)
[Info]: Guild Unloaded (1 - ÍŃČÇÔą´Ó`)
[Info]: Guild Unloaded (17 - Onepiece)
[Info]: Guild Unloaded (4 - —Restart•`—)
[Info]: Guild Unloaded (20 - -‘•’-COLOZONE-‘•’-)
